2025-10-16T09:22:08.274-05:00  INFO 2368 --- [SysVentas] [JavaFX-Launcher] o.s.boot.SpringApplication               : Starting application using Java 17.0.16 with PID 2368 (started by SOFTWARE in D:\POO\DESARROLLO\G3\POO2025-C2G3-Real\SysVentas)
2025-10-16T09:22:08.277-05:00  INFO 2368 --- [SysVentas] [JavaFX-Launcher] o.s.boot.SpringApplication               : No active profile set, falling back to 1 default profile: "default"
2025-10-16T09:22:09.023-05:00  INFO 2368 --- [SysVentas] [JavaFX-Launcher] .s.d.r.c.RepositoryConfigurationDelegate : Bootstrapping Spring Data JPA repositories in DEFAULT mode.
2025-10-16T09:22:09.105-05:00  INFO 2368 --- [SysVentas] [JavaFX-Launcher] .s.d.r.c.RepositoryConfigurationDelegate : Finished Spring Data repository scanning in 74 ms. Found 15 JPA repository interfaces.
2025-10-16T09:22:09.533-05:00  INFO 2368 --- [SysVentas] [JavaFX-Launcher] o.hibernate.jpa.internal.util.LogHelper  : HHH000204: Processing PersistenceUnitInfo [name: default]
2025-10-16T09:22:09.598-05:00  INFO 2368 --- [SysVentas] [JavaFX-Launcher] org.hibernate.Version                    : HHH000412: Hibernate ORM core version 6.6.29.Final
2025-10-16T09:22:09.635-05:00  INFO 2368 --- [SysVentas] [JavaFX-Launcher] o.h.c.internal.RegionFactoryInitiator    : HHH000026: Second-level cache disabled
2025-10-16T09:22:09.966-05:00  INFO 2368 --- [SysVentas] [JavaFX-Launcher] o.s.o.j.p.SpringPersistenceUnitInfo      : No LoadTimeWeaver setup: ignoring JPA class transformer
2025-10-16T09:22:10.019-05:00  INFO 2368 --- [SysVentas] [JavaFX-Launcher] com.zaxxer.hikari.HikariDataSource       : HikariPool-1 - Starting...
2025-10-16T09:22:10.212-05:00  INFO 2368 --- [SysVentas] [JavaFX-Launcher] com.zaxxer.hikari.pool.HikariPool        : HikariPool-1 - Added connection org.sqlite.jdbc4.JDBC4Connection@2e6d2297
2025-10-16T09:22:10.213-05:00  INFO 2368 --- [SysVentas] [JavaFX-Launcher] com.zaxxer.hikari.HikariDataSource       : HikariPool-1 - Start completed.
2025-10-16T09:22:10.251-05:00  INFO 2368 --- [SysVentas] [JavaFX-Launcher] org.hibernate.orm.connections.pooling    : HHH10001005: Database info:
	Database JDBC URL [Connecting through datasource 'HikariDataSource (HikariPool-1)']
	Database driver: undefined/unknown
	Database version: 3.46
	Autocommit mode: undefined/unknown
	Isolation level: undefined/unknown
	Minimum pool size: undefined/unknown
	Maximum pool size: undefined/unknown
2025-10-16T09:22:11.620-05:00  INFO 2368 --- [SysVentas] [JavaFX-Launcher] o.h.e.t.j.p.i.JtaPlatformInitiator       : HHH000489: No JTA platform available (set 'hibernate.transaction.jta.platform' to enable JTA platform integration)
2025-10-16T09:22:11.657-05:00  INFO 2368 --- [SysVentas] [JavaFX-Launcher] j.LocalContainerEntityManagerFactoryBean : Initialized JPA EntityManagerFactory for persistence unit 'default'
2025-10-16T09:22:12.317-05:00  INFO 2368 --- [SysVentas] [JavaFX-Launcher] o.s.d.j.r.query.QueryEnhancerFactory     : Hibernate is in classpath; If applicable, HQL parser will be used.
2025-10-16T09:22:13.586-05:00  INFO 2368 --- [SysVentas] [JavaFX-Launcher] o.s.boot.SpringApplication               : Started application in 5.835 seconds (process running for 6.766)
2025-10-16T09:24:03.991-05:00  INFO 2368 --- [SysVentas] [SpringApplicationShutdownHook] j.LocalContainerEntityManagerFactoryBean : Closing JPA EntityManagerFactory for persistence unit 'default'
2025-10-16T09:24:03.995-05:00  INFO 2368 --- [SysVentas] [SpringApplicationShutdownHook] com.zaxxer.hikari.HikariDataSource       : HikariPool-1 - Shutdown initiated...
2025-10-16T09:24:03.998-05:00  INFO 2368 --- [SysVentas] [SpringApplicationShutdownHook] com.zaxxer.hikari.HikariDataSource       : HikariPool-1 - Shutdown completed.
2025-10-16T10:21:13.555-05:00  INFO 15988 --- [SysVentas] [JavaFX-Launcher] o.s.boot.SpringApplication               : Starting application using Java 17.0.16 with PID 15988 (started by SOFTWARE in D:\POO\DESARROLLO\G3\POO2025-C2G3-Real\SysVentas)
2025-10-16T10:21:13.559-05:00  INFO 15988 --- [SysVentas] [JavaFX-Launcher] o.s.boot.SpringApplication               : No active profile set, falling back to 1 default profile: "default"
2025-10-16T10:21:14.297-05:00  INFO 15988 --- [SysVentas] [JavaFX-Launcher] .s.d.r.c.RepositoryConfigurationDelegate : Bootstrapping Spring Data JPA repositories in DEFAULT mode.
2025-10-16T10:21:14.382-05:00  INFO 15988 --- [SysVentas] [JavaFX-Launcher] .s.d.r.c.RepositoryConfigurationDelegate : Finished Spring Data repository scanning in 78 ms. Found 15 JPA repository interfaces.
2025-10-16T10:21:14.793-05:00  INFO 15988 --- [SysVentas] [JavaFX-Launcher] o.hibernate.jpa.internal.util.LogHelper  : HHH000204: Processing PersistenceUnitInfo [name: default]
2025-10-16T10:21:14.839-05:00  INFO 15988 --- [SysVentas] [JavaFX-Launcher] org.hibernate.Version                    : HHH000412: Hibernate ORM core version 6.6.29.Final
2025-10-16T10:21:14.867-05:00  INFO 15988 --- [SysVentas] [JavaFX-Launcher] o.h.c.internal.RegionFactoryInitiator    : HHH000026: Second-level cache disabled
2025-10-16T10:21:15.147-05:00  INFO 15988 --- [SysVentas] [JavaFX-Launcher] o.s.o.j.p.SpringPersistenceUnitInfo      : No LoadTimeWeaver setup: ignoring JPA class transformer
2025-10-16T10:21:15.202-05:00  INFO 15988 --- [SysVentas] [JavaFX-Launcher] com.zaxxer.hikari.HikariDataSource       : HikariPool-1 - Starting...
2025-10-16T10:21:15.438-05:00  INFO 15988 --- [SysVentas] [JavaFX-Launcher] com.zaxxer.hikari.pool.HikariPool        : HikariPool-1 - Added connection org.sqlite.jdbc4.JDBC4Connection@31d513fb
2025-10-16T10:21:15.440-05:00  INFO 15988 --- [SysVentas] [JavaFX-Launcher] com.zaxxer.hikari.HikariDataSource       : HikariPool-1 - Start completed.
2025-10-16T10:21:15.480-05:00  INFO 15988 --- [SysVentas] [JavaFX-Launcher] org.hibernate.orm.connections.pooling    : HHH10001005: Database info:
	Database JDBC URL [Connecting through datasource 'HikariDataSource (HikariPool-1)']
	Database driver: undefined/unknown
	Database version: 3.46
	Autocommit mode: undefined/unknown
	Isolation level: undefined/unknown
	Minimum pool size: undefined/unknown
	Maximum pool size: undefined/unknown
2025-10-16T10:21:16.972-05:00  INFO 15988 --- [SysVentas] [JavaFX-Launcher] o.h.e.t.j.p.i.JtaPlatformInitiator       : HHH000489: No JTA platform available (set 'hibernate.transaction.jta.platform' to enable JTA platform integration)
2025-10-16T10:21:17.012-05:00  INFO 15988 --- [SysVentas] [JavaFX-Launcher] j.LocalContainerEntityManagerFactoryBean : Initialized JPA EntityManagerFactory for persistence unit 'default'
2025-10-16T10:21:17.548-05:00  INFO 15988 --- [SysVentas] [JavaFX-Launcher] o.s.d.j.r.query.QueryEnhancerFactory     : Hibernate is in classpath; If applicable, HQL parser will be used.
2025-10-16T10:21:18.727-05:00  INFO 15988 --- [SysVentas] [JavaFX-Launcher] o.s.boot.SpringApplication               : Started application in 5.684 seconds (process running for 6.485)
2025-10-16T10:22:50.928-05:00  INFO 15988 --- [SysVentas] [SpringApplicationShutdownHook] j.LocalContainerEntityManagerFactoryBean : Closing JPA EntityManagerFactory for persistence unit 'default'
2025-10-16T10:22:50.932-05:00  INFO 15988 --- [SysVentas] [SpringApplicationShutdownHook] com.zaxxer.hikari.HikariDataSource       : HikariPool-1 - Shutdown initiated...
2025-10-16T10:22:50.938-05:00  INFO 15988 --- [SysVentas] [SpringApplicationShutdownHook] com.zaxxer.hikari.HikariDataSource       : HikariPool-1 - Shutdown completed.
2025-10-16T10:31:02.576-05:00  INFO 12172 --- [SysVentas] [JavaFX-Launcher] o.s.boot.SpringApplication               : Starting application using Java 17.0.16 with PID 12172 (started by SOFTWARE in D:\POO\DESARROLLO\G3\POO2025-C2G3-Real\SysVentas)
2025-10-16T10:31:02.582-05:00  INFO 12172 --- [SysVentas] [JavaFX-Launcher] o.s.boot.SpringApplication               : No active profile set, falling back to 1 default profile: "default"
2025-10-16T10:31:03.333-05:00  INFO 12172 --- [SysVentas] [JavaFX-Launcher] .s.d.r.c.RepositoryConfigurationDelegate : Bootstrapping Spring Data JPA repositories in DEFAULT mode.
2025-10-16T10:31:03.426-05:00  INFO 12172 --- [SysVentas] [JavaFX-Launcher] .s.d.r.c.RepositoryConfigurationDelegate : Finished Spring Data repository scanning in 86 ms. Found 15 JPA repository interfaces.
2025-10-16T10:31:03.864-05:00  INFO 12172 --- [SysVentas] [JavaFX-Launcher] o.hibernate.jpa.internal.util.LogHelper  : HHH000204: Processing PersistenceUnitInfo [name: default]
2025-10-16T10:31:03.907-05:00  INFO 12172 --- [SysVentas] [JavaFX-Launcher] org.hibernate.Version                    : HHH000412: Hibernate ORM core version 6.6.29.Final
2025-10-16T10:31:03.938-05:00  INFO 12172 --- [SysVentas] [JavaFX-Launcher] o.h.c.internal.RegionFactoryInitiator    : HHH000026: Second-level cache disabled
2025-10-16T10:31:04.209-05:00  INFO 12172 --- [SysVentas] [JavaFX-Launcher] o.s.o.j.p.SpringPersistenceUnitInfo      : No LoadTimeWeaver setup: ignoring JPA class transformer
2025-10-16T10:31:04.281-05:00  INFO 12172 --- [SysVentas] [JavaFX-Launcher] com.zaxxer.hikari.HikariDataSource       : HikariPool-1 - Starting...
2025-10-16T10:31:04.484-05:00  INFO 12172 --- [SysVentas] [JavaFX-Launcher] com.zaxxer.hikari.pool.HikariPool        : HikariPool-1 - Added connection org.sqlite.jdbc4.JDBC4Connection@302749a1
2025-10-16T10:31:04.486-05:00  INFO 12172 --- [SysVentas] [JavaFX-Launcher] com.zaxxer.hikari.HikariDataSource       : HikariPool-1 - Start completed.
2025-10-16T10:31:04.521-05:00  INFO 12172 --- [SysVentas] [JavaFX-Launcher] org.hibernate.orm.connections.pooling    : HHH10001005: Database info:
	Database JDBC URL [Connecting through datasource 'HikariDataSource (HikariPool-1)']
	Database driver: undefined/unknown
	Database version: 3.46
	Autocommit mode: undefined/unknown
	Isolation level: undefined/unknown
	Minimum pool size: undefined/unknown
	Maximum pool size: undefined/unknown
2025-10-16T10:31:05.797-05:00  INFO 12172 --- [SysVentas] [JavaFX-Launcher] o.h.e.t.j.p.i.JtaPlatformInitiator       : HHH000489: No JTA platform available (set 'hibernate.transaction.jta.platform' to enable JTA platform integration)
2025-10-16T10:31:05.839-05:00  INFO 12172 --- [SysVentas] [JavaFX-Launcher] j.LocalContainerEntityManagerFactoryBean : Initialized JPA EntityManagerFactory for persistence unit 'default'
2025-10-16T10:31:06.454-05:00  INFO 12172 --- [SysVentas] [JavaFX-Launcher] o.s.d.j.r.query.QueryEnhancerFactory     : Hibernate is in classpath; If applicable, HQL parser will be used.
2025-10-16T10:31:07.728-05:00  INFO 12172 --- [SysVentas] [JavaFX-Launcher] o.s.boot.SpringApplication               : Started application in 5.681 seconds (process running for 6.491)
2025-10-16T10:36:03.262-05:00  INFO 12172 --- [SysVentas] [SpringApplicationShutdownHook] j.LocalContainerEntityManagerFactoryBean : Closing JPA EntityManagerFactory for persistence unit 'default'
2025-10-16T10:36:03.264-05:00  INFO 12172 --- [SysVentas] [SpringApplicationShutdownHook] com.zaxxer.hikari.HikariDataSource       : HikariPool-1 - Shutdown initiated...
2025-10-16T10:36:03.269-05:00  INFO 12172 --- [SysVentas] [SpringApplicationShutdownHook] com.zaxxer.hikari.HikariDataSource       : HikariPool-1 - Shutdown completed.
2025-10-16T10:37:48.767-05:00  INFO 1368 --- [SysVentas] [JavaFX-Launcher] o.s.boot.SpringApplication               : Starting application using Java 17.0.16 with PID 1368 (started by SOFTWARE in D:\POO\DESARROLLO\G3\POO2025-C2G3-Real\SysVentas)
2025-10-16T10:37:48.772-05:00  INFO 1368 --- [SysVentas] [JavaFX-Launcher] o.s.boot.SpringApplication               : No active profile set, falling back to 1 default profile: "default"
2025-10-16T10:37:49.574-05:00  INFO 1368 --- [SysVentas] [JavaFX-Launcher] .s.d.r.c.RepositoryConfigurationDelegate : Bootstrapping Spring Data JPA repositories in DEFAULT mode.
2025-10-16T10:37:49.671-05:00  INFO 1368 --- [SysVentas] [JavaFX-Launcher] .s.d.r.c.RepositoryConfigurationDelegate : Finished Spring Data repository scanning in 88 ms. Found 15 JPA repository interfaces.
2025-10-16T10:37:50.139-05:00  INFO 1368 --- [SysVentas] [JavaFX-Launcher] o.hibernate.jpa.internal.util.LogHelper  : HHH000204: Processing PersistenceUnitInfo [name: default]
2025-10-16T10:37:50.190-05:00  INFO 1368 --- [SysVentas] [JavaFX-Launcher] org.hibernate.Version                    : HHH000412: Hibernate ORM core version 6.6.29.Final
2025-10-16T10:37:50.219-05:00  INFO 1368 --- [SysVentas] [JavaFX-Launcher] o.h.c.internal.RegionFactoryInitiator    : HHH000026: Second-level cache disabled
2025-10-16T10:37:50.523-05:00  INFO 1368 --- [SysVentas] [JavaFX-Launcher] o.s.o.j.p.SpringPersistenceUnitInfo      : No LoadTimeWeaver setup: ignoring JPA class transformer
2025-10-16T10:37:50.582-05:00  INFO 1368 --- [SysVentas] [JavaFX-Launcher] com.zaxxer.hikari.HikariDataSource       : HikariPool-1 - Starting...
2025-10-16T10:37:50.813-05:00  INFO 1368 --- [SysVentas] [JavaFX-Launcher] com.zaxxer.hikari.pool.HikariPool        : HikariPool-1 - Added connection org.sqlite.jdbc4.JDBC4Connection@791392da
2025-10-16T10:37:50.815-05:00  INFO 1368 --- [SysVentas] [JavaFX-Launcher] com.zaxxer.hikari.HikariDataSource       : HikariPool-1 - Start completed.
2025-10-16T10:37:50.851-05:00  INFO 1368 --- [SysVentas] [JavaFX-Launcher] org.hibernate.orm.connections.pooling    : HHH10001005: Database info:
	Database JDBC URL [Connecting through datasource 'HikariDataSource (HikariPool-1)']
	Database driver: undefined/unknown
	Database version: 3.46
	Autocommit mode: undefined/unknown
	Isolation level: undefined/unknown
	Minimum pool size: undefined/unknown
	Maximum pool size: undefined/unknown
2025-10-16T10:37:52.042-05:00  INFO 1368 --- [SysVentas] [JavaFX-Launcher] o.h.e.t.j.p.i.JtaPlatformInitiator       : HHH000489: No JTA platform available (set 'hibernate.transaction.jta.platform' to enable JTA platform integration)
2025-10-16T10:37:52.077-05:00  INFO 1368 --- [SysVentas] [JavaFX-Launcher] j.LocalContainerEntityManagerFactoryBean : Initialized JPA EntityManagerFactory for persistence unit 'default'
2025-10-16T10:37:52.558-05:00  INFO 1368 --- [SysVentas] [JavaFX-Launcher] o.s.d.j.r.query.QueryEnhancerFactory     : Hibernate is in classpath; If applicable, HQL parser will be used.
2025-10-16T10:37:53.690-05:00  INFO 1368 --- [SysVentas] [JavaFX-Launcher] o.s.boot.SpringApplication               : Started application in 5.502 seconds (process running for 6.338)
2025-10-16T10:44:10.757-05:00  INFO 1368 --- [SysVentas] [SpringApplicationShutdownHook] j.LocalContainerEntityManagerFactoryBean : Closing JPA EntityManagerFactory for persistence unit 'default'
2025-10-16T10:44:10.761-05:00  INFO 1368 --- [SysVentas] [SpringApplicationShutdownHook] com.zaxxer.hikari.HikariDataSource       : HikariPool-1 - Shutdown initiated...
2025-10-16T10:44:10.763-05:00  INFO 1368 --- [SysVentas] [SpringApplicationShutdownHook] com.zaxxer.hikari.HikariDataSource       : HikariPool-1 - Shutdown completed.
2025-10-21T08:59:58.949-05:00  INFO 14500 --- [SysVentas] [JavaFX-Launcher] o.s.boot.SpringApplication               : Starting application using Java 17 with PID 14500 (started by SOFTWARE in C:\Users\Lab_Software\Desktop\POO\UNIDAD 2\POO2025-C2G3-Real\SysVentas)
2025-10-21T08:59:58.954-05:00  INFO 14500 --- [SysVentas] [JavaFX-Launcher] o.s.boot.SpringApplication               : No active profile set, falling back to 1 default profile: "default"
2025-10-21T08:59:59.795-05:00  INFO 14500 --- [SysVentas] [JavaFX-Launcher] .s.d.r.c.RepositoryConfigurationDelegate : Bootstrapping Spring Data JPA repositories in DEFAULT mode.
2025-10-21T08:59:59.916-05:00  INFO 14500 --- [SysVentas] [JavaFX-Launcher] .s.d.r.c.RepositoryConfigurationDelegate : Finished Spring Data repository scanning in 112 ms. Found 15 JPA repository interfaces.
2025-10-21T09:00:00.395-05:00  INFO 14500 --- [SysVentas] [JavaFX-Launcher] o.hibernate.jpa.internal.util.LogHelper  : HHH000204: Processing PersistenceUnitInfo [name: default]
2025-10-21T09:00:00.456-05:00  INFO 14500 --- [SysVentas] [JavaFX-Launcher] org.hibernate.Version                    : HHH000412: Hibernate ORM core version 6.6.29.Final
2025-10-21T09:00:00.491-05:00  INFO 14500 --- [SysVentas] [JavaFX-Launcher] o.h.c.internal.RegionFactoryInitiator    : HHH000026: Second-level cache disabled
2025-10-21T09:00:00.816-05:00  INFO 14500 --- [SysVentas] [JavaFX-Launcher] o.s.o.j.p.SpringPersistenceUnitInfo      : No LoadTimeWeaver setup: ignoring JPA class transformer
2025-10-21T09:00:00.876-05:00  INFO 14500 --- [SysVentas] [JavaFX-Launcher] com.zaxxer.hikari.HikariDataSource       : HikariPool-1 - Starting...
2025-10-21T09:00:00.999-05:00  INFO 14500 --- [SysVentas] [JavaFX-Launcher] com.zaxxer.hikari.pool.HikariPool        : HikariPool-1 - Added connection org.sqlite.jdbc4.JDBC4Connection@55eebe68
2025-10-21T09:00:01.001-05:00  INFO 14500 --- [SysVentas] [JavaFX-Launcher] com.zaxxer.hikari.HikariDataSource       : HikariPool-1 - Start completed.
2025-10-21T09:00:01.051-05:00  INFO 14500 --- [SysVentas] [JavaFX-Launcher] org.hibernate.orm.connections.pooling    : HHH10001005: Database info:
	Database JDBC URL [Connecting through datasource 'HikariDataSource (HikariPool-1)']
	Database driver: undefined/unknown
	Database version: 3.46
	Autocommit mode: undefined/unknown
	Isolation level: undefined/unknown
	Minimum pool size: undefined/unknown
	Maximum pool size: undefined/unknown
2025-10-21T09:00:02.336-05:00  INFO 14500 --- [SysVentas] [JavaFX-Launcher] o.h.e.t.j.p.i.JtaPlatformInitiator       : HHH000489: No JTA platform available (set 'hibernate.transaction.jta.platform' to enable JTA platform integration)
2025-10-21T09:00:02.380-05:00  INFO 14500 --- [SysVentas] [JavaFX-Launcher] j.LocalContainerEntityManagerFactoryBean : Initialized JPA EntityManagerFactory for persistence unit 'default'
2025-10-21T09:00:02.719-05:00  INFO 14500 --- [SysVentas] [JavaFX-Launcher] o.s.d.j.r.query.QueryEnhancerFactory     : Hibernate is in classpath; If applicable, HQL parser will be used.
2025-10-21T09:00:04.041-05:00  INFO 14500 --- [SysVentas] [JavaFX-Launcher] o.s.boot.SpringApplication               : Started application in 5.709 seconds (process running for 6.786)
2025-10-21T09:01:04.266-05:00  INFO 14500 --- [SysVentas] [SpringApplicationShutdownHook] j.LocalContainerEntityManagerFactoryBean : Closing JPA EntityManagerFactory for persistence unit 'default'
2025-10-21T09:01:04.269-05:00  INFO 14500 --- [SysVentas] [SpringApplicationShutdownHook] com.zaxxer.hikari.HikariDataSource       : HikariPool-1 - Shutdown initiated...
2025-10-21T09:01:04.273-05:00  INFO 14500 --- [SysVentas] [SpringApplicationShutdownHook] com.zaxxer.hikari.HikariDataSource       : HikariPool-1 - Shutdown completed.
2025-10-21T09:01:28.553-05:00  INFO 6404 --- [SysVentas] [JavaFX-Launcher] o.s.boot.SpringApplication               : Starting application using Java 17 with PID 6404 (started by SOFTWARE in C:\Users\Lab_Software\Desktop\POO\UNIDAD 2\POO2025-C2G3-Real\SysVentas)
2025-10-21T09:01:28.557-05:00  INFO 6404 --- [SysVentas] [JavaFX-Launcher] o.s.boot.SpringApplication               : No active profile set, falling back to 1 default profile: "default"
2025-10-21T09:01:29.314-05:00  INFO 6404 --- [SysVentas] [JavaFX-Launcher] .s.d.r.c.RepositoryConfigurationDelegate : Bootstrapping Spring Data JPA repositories in DEFAULT mode.
2025-10-21T09:01:29.435-05:00  INFO 6404 --- [SysVentas] [JavaFX-Launcher] .s.d.r.c.RepositoryConfigurationDelegate : Finished Spring Data repository scanning in 106 ms. Found 15 JPA repository interfaces.
2025-10-21T09:01:29.861-05:00  INFO 6404 --- [SysVentas] [JavaFX-Launcher] o.hibernate.jpa.internal.util.LogHelper  : HHH000204: Processing PersistenceUnitInfo [name: default]
2025-10-21T09:01:29.907-05:00  INFO 6404 --- [SysVentas] [JavaFX-Launcher] org.hibernate.Version                    : HHH000412: Hibernate ORM core version 6.6.29.Final
2025-10-21T09:01:29.931-05:00  INFO 6404 --- [SysVentas] [JavaFX-Launcher] o.h.c.internal.RegionFactoryInitiator    : HHH000026: Second-level cache disabled
2025-10-21T09:01:30.183-05:00  INFO 6404 --- [SysVentas] [JavaFX-Launcher] o.s.o.j.p.SpringPersistenceUnitInfo      : No LoadTimeWeaver setup: ignoring JPA class transformer
2025-10-21T09:01:30.231-05:00  INFO 6404 --- [SysVentas] [JavaFX-Launcher] com.zaxxer.hikari.HikariDataSource       : HikariPool-1 - Starting...
2025-10-21T09:01:30.349-05:00  INFO 6404 --- [SysVentas] [JavaFX-Launcher] com.zaxxer.hikari.pool.HikariPool        : HikariPool-1 - Added connection org.sqlite.jdbc4.JDBC4Connection@7f053d0
2025-10-21T09:01:30.352-05:00  INFO 6404 --- [SysVentas] [JavaFX-Launcher] com.zaxxer.hikari.HikariDataSource       : HikariPool-1 - Start completed.
2025-10-21T09:01:30.412-05:00  INFO 6404 --- [SysVentas] [JavaFX-Launcher] org.hibernate.orm.connections.pooling    : HHH10001005: Database info:
	Database JDBC URL [Connecting through datasource 'HikariDataSource (HikariPool-1)']
	Database driver: undefined/unknown
	Database version: 3.46
	Autocommit mode: undefined/unknown
	Isolation level: undefined/unknown
	Minimum pool size: undefined/unknown
	Maximum pool size: undefined/unknown
2025-10-21T09:01:31.704-05:00  INFO 6404 --- [SysVentas] [JavaFX-Launcher] o.h.e.t.j.p.i.JtaPlatformInitiator       : HHH000489: No JTA platform available (set 'hibernate.transaction.jta.platform' to enable JTA platform integration)
2025-10-21T09:01:31.742-05:00  INFO 6404 --- [SysVentas] [JavaFX-Launcher] j.LocalContainerEntityManagerFactoryBean : Initialized JPA EntityManagerFactory for persistence unit 'default'
2025-10-21T09:01:32.110-05:00  INFO 6404 --- [SysVentas] [JavaFX-Launcher] o.s.d.j.r.query.QueryEnhancerFactory     : Hibernate is in classpath; If applicable, HQL parser will be used.
2025-10-21T09:01:33.466-05:00  INFO 6404 --- [SysVentas] [JavaFX-Launcher] o.s.boot.SpringApplication               : Started application in 5.496 seconds (process running for 6.3)
2025-10-21T09:02:06.733-05:00  INFO 6404 --- [SysVentas] [SpringApplicationShutdownHook] j.LocalContainerEntityManagerFactoryBean : Closing JPA EntityManagerFactory for persistence unit 'default'
2025-10-21T09:02:06.735-05:00  INFO 6404 --- [SysVentas] [SpringApplicationShutdownHook] com.zaxxer.hikari.HikariDataSource       : HikariPool-1 - Shutdown initiated...
2025-10-21T09:02:06.737-05:00  INFO 6404 --- [SysVentas] [SpringApplicationShutdownHook] com.zaxxer.hikari.HikariDataSource       : HikariPool-1 - Shutdown completed.
2025-10-21T09:04:26.105-05:00  INFO 8048 --- [SysVentas] [JavaFX-Launcher] o.s.boot.SpringApplication               : Starting application using Java 17 with PID 8048 (started by SOFTWARE in C:\Users\Lab_Software\Desktop\POO\UNIDAD 2\POO2025-C2G3-Real\SysVentas)
2025-10-21T09:04:26.108-05:00  INFO 8048 --- [SysVentas] [JavaFX-Launcher] o.s.boot.SpringApplication               : No active profile set, falling back to 1 default profile: "default"
2025-10-21T09:04:26.887-05:00  INFO 8048 --- [SysVentas] [JavaFX-Launcher] .s.d.r.c.RepositoryConfigurationDelegate : Bootstrapping Spring Data JPA repositories in DEFAULT mode.
2025-10-21T09:04:26.998-05:00  INFO 8048 --- [SysVentas] [JavaFX-Launcher] .s.d.r.c.RepositoryConfigurationDelegate : Finished Spring Data repository scanning in 104 ms. Found 15 JPA repository interfaces.
2025-10-21T09:04:27.442-05:00  INFO 8048 --- [SysVentas] [JavaFX-Launcher] o.hibernate.jpa.internal.util.LogHelper  : HHH000204: Processing PersistenceUnitInfo [name: default]
2025-10-21T09:04:27.482-05:00  INFO 8048 --- [SysVentas] [JavaFX-Launcher] org.hibernate.Version                    : HHH000412: Hibernate ORM core version 6.6.29.Final
2025-10-21T09:04:27.506-05:00  INFO 8048 --- [SysVentas] [JavaFX-Launcher] o.h.c.internal.RegionFactoryInitiator    : HHH000026: Second-level cache disabled
2025-10-21T09:04:27.776-05:00  INFO 8048 --- [SysVentas] [JavaFX-Launcher] o.s.o.j.p.SpringPersistenceUnitInfo      : No LoadTimeWeaver setup: ignoring JPA class transformer
2025-10-21T09:04:27.855-05:00  INFO 8048 --- [SysVentas] [JavaFX-Launcher] com.zaxxer.hikari.HikariDataSource       : HikariPool-1 - Starting...
2025-10-21T09:04:27.966-05:00  INFO 8048 --- [SysVentas] [JavaFX-Launcher] com.zaxxer.hikari.pool.HikariPool        : HikariPool-1 - Added connection org.sqlite.jdbc4.JDBC4Connection@355fb052
2025-10-21T09:04:27.968-05:00  INFO 8048 --- [SysVentas] [JavaFX-Launcher] com.zaxxer.hikari.HikariDataSource       : HikariPool-1 - Start completed.
2025-10-21T09:04:28.013-05:00  INFO 8048 --- [SysVentas] [JavaFX-Launcher] org.hibernate.orm.connections.pooling    : HHH10001005: Database info:
	Database JDBC URL [Connecting through datasource 'HikariDataSource (HikariPool-1)']
	Database driver: undefined/unknown
	Database version: 3.46
	Autocommit mode: undefined/unknown
	Isolation level: undefined/unknown
	Minimum pool size: undefined/unknown
	Maximum pool size: undefined/unknown
2025-10-21T09:04:29.264-05:00  INFO 8048 --- [SysVentas] [JavaFX-Launcher] o.h.e.t.j.p.i.JtaPlatformInitiator       : HHH000489: No JTA platform available (set 'hibernate.transaction.jta.platform' to enable JTA platform integration)
2025-10-21T09:04:29.307-05:00  INFO 8048 --- [SysVentas] [JavaFX-Launcher] j.LocalContainerEntityManagerFactoryBean : Initialized JPA EntityManagerFactory for persistence unit 'default'
2025-10-21T09:04:29.701-05:00  INFO 8048 --- [SysVentas] [JavaFX-Launcher] o.s.d.j.r.query.QueryEnhancerFactory     : Hibernate is in classpath; If applicable, HQL parser will be used.
2025-10-21T09:04:30.843-05:00  INFO 8048 --- [SysVentas] [JavaFX-Launcher] o.s.boot.SpringApplication               : Started application in 5.309 seconds (process running for 6.138)
2025-10-21T09:04:59.695-05:00  INFO 8048 --- [SysVentas] [SpringApplicationShutdownHook] j.LocalContainerEntityManagerFactoryBean : Closing JPA EntityManagerFactory for persistence unit 'default'
2025-10-21T09:04:59.696-05:00  INFO 8048 --- [SysVentas] [SpringApplicationShutdownHook] com.zaxxer.hikari.HikariDataSource       : HikariPool-1 - Shutdown initiated...
2025-10-21T09:04:59.703-05:00  INFO 8048 --- [SysVentas] [SpringApplicationShutdownHook] com.zaxxer.hikari.HikariDataSource       : HikariPool-1 - Shutdown completed.
2025-10-23T08:27:50.959-05:00  INFO 9400 --- [SysVentas] [JavaFX-Launcher] o.s.boot.SpringApplication               : Starting application using Java 17 with PID 9400 (started by SOFTWARE in C:\Users\Lab_Software\Desktop\POO\UNIDAD 2\SysVentas)
2025-10-23T08:27:50.962-05:00  INFO 9400 --- [SysVentas] [JavaFX-Launcher] o.s.boot.SpringApplication               : No active profile set, falling back to 1 default profile: "default"
2025-10-23T08:27:51.780-05:00  INFO 9400 --- [SysVentas] [JavaFX-Launcher] .s.d.r.c.RepositoryConfigurationDelegate : Bootstrapping Spring Data JPA repositories in DEFAULT mode.
2025-10-23T08:27:51.894-05:00  INFO 9400 --- [SysVentas] [JavaFX-Launcher] .s.d.r.c.RepositoryConfigurationDelegate : Finished Spring Data repository scanning in 106 ms. Found 15 JPA repository interfaces.
2025-10-23T08:27:52.328-05:00  INFO 9400 --- [SysVentas] [JavaFX-Launcher] o.hibernate.jpa.internal.util.LogHelper  : HHH000204: Processing PersistenceUnitInfo [name: default]
2025-10-23T08:27:52.381-05:00  INFO 9400 --- [SysVentas] [JavaFX-Launcher] org.hibernate.Version                    : HHH000412: Hibernate ORM core version 6.6.29.Final
2025-10-23T08:27:52.416-05:00  INFO 9400 --- [SysVentas] [JavaFX-Launcher] o.h.c.internal.RegionFactoryInitiator    : HHH000026: Second-level cache disabled
2025-10-23T08:27:52.722-05:00  INFO 9400 --- [SysVentas] [JavaFX-Launcher] o.s.o.j.p.SpringPersistenceUnitInfo      : No LoadTimeWeaver setup: ignoring JPA class transformer
2025-10-23T08:27:52.787-05:00  INFO 9400 --- [SysVentas] [JavaFX-Launcher] com.zaxxer.hikari.HikariDataSource       : HikariPool-1 - Starting...
2025-10-23T08:27:52.909-05:00  INFO 9400 --- [SysVentas] [JavaFX-Launcher] com.zaxxer.hikari.pool.HikariPool        : HikariPool-1 - Added connection org.sqlite.jdbc4.JDBC4Connection@28b8372d
2025-10-23T08:27:52.911-05:00  INFO 9400 --- [SysVentas] [JavaFX-Launcher] com.zaxxer.hikari.HikariDataSource       : HikariPool-1 - Start completed.
2025-10-23T08:27:52.958-05:00  INFO 9400 --- [SysVentas] [JavaFX-Launcher] org.hibernate.orm.connections.pooling    : HHH10001005: Database info:
	Database JDBC URL [Connecting through datasource 'HikariDataSource (HikariPool-1)']
	Database driver: undefined/unknown
	Database version: 3.46
	Autocommit mode: undefined/unknown
	Isolation level: undefined/unknown
	Minimum pool size: undefined/unknown
	Maximum pool size: undefined/unknown
2025-10-23T08:27:54.347-05:00  INFO 9400 --- [SysVentas] [JavaFX-Launcher] o.h.e.t.j.p.i.JtaPlatformInitiator       : HHH000489: No JTA platform available (set 'hibernate.transaction.jta.platform' to enable JTA platform integration)
2025-10-23T08:27:54.382-05:00  INFO 9400 --- [SysVentas] [JavaFX-Launcher] j.LocalContainerEntityManagerFactoryBean : Initialized JPA EntityManagerFactory for persistence unit 'default'
2025-10-23T08:27:54.775-05:00  INFO 9400 --- [SysVentas] [JavaFX-Launcher] o.s.d.j.r.query.QueryEnhancerFactory     : Hibernate is in classpath; If applicable, HQL parser will be used.
2025-10-23T08:27:56.290-05:00  INFO 9400 --- [SysVentas] [JavaFX-Launcher] o.s.boot.SpringApplication               : Started application in 5.974 seconds (process running for 7.058)
2025-10-23T08:29:28.931-05:00  WARN 9400 --- [SysVentas] [JavaFX Application Thread] javafx.css                               : Could not resolve '-fx-text-background-color' while resolving lookups for '-fx-text-fill' from rule '*.list-cell' in stylesheet jar:file:/C:/Users/Lab_Software/.m2/repository/org/openjfx/javafx-controls/21/javafx-controls-21-win.jar!/com/sun/javafx/scene/control/skin/modena/modena.bss
2025-10-23T08:29:28.933-05:00  WARN 9400 --- [SysVentas] [JavaFX Application Thread] javafx.css                               : Caught 'java.lang.ClassCastException: class java.lang.String cannot be cast to class javafx.scene.paint.Paint (java.lang.String is in module java.base of loader 'bootstrap'; javafx.scene.paint.Paint is in unnamed module of loader 'app')' while converting value for '-fx-background-color' from rule '*.combo-box-popup>*.list-view>*.virtual-flow>*.clipped-container>*.sheet>*.list-cell:hover:filled:selected' in stylesheet jar:file:/C:/Users/Lab_Software/.m2/repository/org/openjfx/javafx-controls/21/javafx-controls-21-win.jar!/com/sun/javafx/scene/control/skin/modena/modena.bss
2025-10-23T08:29:30.086-05:00  WARN 9400 --- [SysVentas] [JavaFX Application Thread] javafx.css                               : Could not resolve '-fx-text-background-color' while resolving lookups for '-fx-text-fill' from rule '*.list-cell' in stylesheet jar:file:/C:/Users/Lab_Software/.m2/repository/org/openjfx/javafx-controls/21/javafx-controls-21-win.jar!/com/sun/javafx/scene/control/skin/modena/modena.bss
2025-10-23T08:29:30.087-05:00  WARN 9400 --- [SysVentas] [JavaFX Application Thread] javafx.css                               : Caught 'java.lang.ClassCastException: class java.lang.String cannot be cast to class javafx.scene.paint.Paint (java.lang.String is in module java.base of loader 'bootstrap'; javafx.scene.paint.Paint is in unnamed module of loader 'app')' while converting value for '-fx-background-color' from rule '*.combo-box-popup>*.list-view>*.virtual-flow>*.clipped-container>*.sheet>*.list-cell:hover:filled:selected' in stylesheet jar:file:/C:/Users/Lab_Software/.m2/repository/org/openjfx/javafx-controls/21/javafx-controls-21-win.jar!/com/sun/javafx/scene/control/skin/modena/modena.bss
2025-10-23T08:29:31.293-05:00  WARN 9400 --- [SysVentas] [JavaFX Application Thread] javafx.css                               : Could not resolve '-fx-text-background-color' while resolving lookups for '-fx-text-fill' from rule '*.list-cell' in stylesheet jar:file:/C:/Users/Lab_Software/.m2/repository/org/openjfx/javafx-controls/21/javafx-controls-21-win.jar!/com/sun/javafx/scene/control/skin/modena/modena.bss
2025-10-23T08:29:31.294-05:00  WARN 9400 --- [SysVentas] [JavaFX Application Thread] javafx.css                               : Caught 'java.lang.ClassCastException: class java.lang.String cannot be cast to class javafx.scene.paint.Paint (java.lang.String is in module java.base of loader 'bootstrap'; javafx.scene.paint.Paint is in unnamed module of loader 'app')' while converting value for '-fx-background-color' from rule '*.combo-box-popup>*.list-view>*.virtual-flow>*.clipped-container>*.sheet>*.list-cell:hover:filled:selected' in stylesheet jar:file:/C:/Users/Lab_Software/.m2/repository/org/openjfx/javafx-controls/21/javafx-controls-21-win.jar!/com/sun/javafx/scene/control/skin/modena/modena.bss
2025-10-23T08:29:32.509-05:00  WARN 9400 --- [SysVentas] [JavaFX Application Thread] javafx.css                               : Could not resolve '-fx-text-background-color' while resolving lookups for '-fx-text-fill' from rule '*.list-cell' in stylesheet jar:file:/C:/Users/Lab_Software/.m2/repository/org/openjfx/javafx-controls/21/javafx-controls-21-win.jar!/com/sun/javafx/scene/control/skin/modena/modena.bss
2025-10-23T08:29:32.510-05:00  WARN 9400 --- [SysVentas] [JavaFX Application Thread] javafx.css                               : Caught 'java.lang.ClassCastException: class java.lang.String cannot be cast to class javafx.scene.paint.Paint (java.lang.String is in module java.base of loader 'bootstrap'; javafx.scene.paint.Paint is in unnamed module of loader 'app')' while converting value for '-fx-background-color' from rule '*.combo-box-popup>*.list-view>*.virtual-flow>*.clipped-container>*.sheet>*.list-cell:hover:filled:selected' in stylesheet jar:file:/C:/Users/Lab_Software/.m2/repository/org/openjfx/javafx-controls/21/javafx-controls-21-win.jar!/com/sun/javafx/scene/control/skin/modena/modena.bss
2025-10-23T08:29:35.797-05:00  WARN 9400 --- [SysVentas] [JavaFX Application Thread] javafx.css                               : Could not resolve '-fx-text-background-color' while resolving lookups for '-fx-text-fill' from rule '*.list-cell' in stylesheet jar:file:/C:/Users/Lab_Software/.m2/repository/org/openjfx/javafx-controls/21/javafx-controls-21-win.jar!/com/sun/javafx/scene/control/skin/modena/modena.bss
2025-10-23T08:29:35.798-05:00  WARN 9400 --- [SysVentas] [JavaFX Application Thread] javafx.css                               : Caught 'java.lang.ClassCastException: class java.lang.String cannot be cast to class javafx.scene.paint.Paint (java.lang.String is in module java.base of loader 'bootstrap'; javafx.scene.paint.Paint is in unnamed module of loader 'app')' while converting value for '-fx-background-color' from rule '*.combo-box-popup>*.list-view>*.virtual-flow>*.clipped-container>*.sheet>*.list-cell:hover:filled:selected' in stylesheet jar:file:/C:/Users/Lab_Software/.m2/repository/org/openjfx/javafx-controls/21/javafx-controls-21-win.jar!/com/sun/javafx/scene/control/skin/modena/modena.bss
2025-10-23T08:30:16.694-05:00  INFO 9400 --- [SysVentas] [SpringApplicationShutdownHook] j.LocalContainerEntityManagerFactoryBean : Closing JPA EntityManagerFactory for persistence unit 'default'
2025-10-23T08:30:16.696-05:00  INFO 9400 --- [SysVentas] [SpringApplicationShutdownHook] com.zaxxer.hikari.HikariDataSource       : HikariPool-1 - Shutdown initiated...
2025-10-23T08:30:16.698-05:00  INFO 9400 --- [SysVentas] [SpringApplicationShutdownHook] com.zaxxer.hikari.HikariDataSource       : HikariPool-1 - Shutdown completed.
2025-10-23T08:43:41.628-05:00  INFO 2640 --- [SysVentas] [JavaFX-Launcher] o.s.boot.SpringApplication               : Starting application using Java 17 with PID 2640 (started by SOFTWARE in C:\Users\Lab_Software\Desktop\POO\UNIDAD 2\SysVentas)
2025-10-23T08:43:41.633-05:00  INFO 2640 --- [SysVentas] [JavaFX-Launcher] o.s.boot.SpringApplication               : No active profile set, falling back to 1 default profile: "default"
2025-10-23T08:43:42.449-05:00  INFO 2640 --- [SysVentas] [JavaFX-Launcher] .s.d.r.c.RepositoryConfigurationDelegate : Bootstrapping Spring Data JPA repositories in DEFAULT mode.
2025-10-23T08:43:42.565-05:00  INFO 2640 --- [SysVentas] [JavaFX-Launcher] .s.d.r.c.RepositoryConfigurationDelegate : Finished Spring Data repository scanning in 104 ms. Found 15 JPA repository interfaces.
2025-10-23T08:43:43.060-05:00  INFO 2640 --- [SysVentas] [JavaFX-Launcher] o.hibernate.jpa.internal.util.LogHelper  : HHH000204: Processing PersistenceUnitInfo [name: default]
2025-10-23T08:43:43.128-05:00  INFO 2640 --- [SysVentas] [JavaFX-Launcher] org.hibernate.Version                    : HHH000412: Hibernate ORM core version 6.6.29.Final
2025-10-23T08:43:43.162-05:00  INFO 2640 --- [SysVentas] [JavaFX-Launcher] o.h.c.internal.RegionFactoryInitiator    : HHH000026: Second-level cache disabled
2025-10-23T08:43:43.475-05:00  INFO 2640 --- [SysVentas] [JavaFX-Launcher] o.s.o.j.p.SpringPersistenceUnitInfo      : No LoadTimeWeaver setup: ignoring JPA class transformer
2025-10-23T08:43:43.540-05:00  INFO 2640 --- [SysVentas] [JavaFX-Launcher] com.zaxxer.hikari.HikariDataSource       : HikariPool-1 - Starting...
2025-10-23T08:43:43.649-05:00  INFO 2640 --- [SysVentas] [JavaFX-Launcher] com.zaxxer.hikari.pool.HikariPool        : HikariPool-1 - Added connection org.sqlite.jdbc4.JDBC4Connection@1e007001
2025-10-23T08:43:43.652-05:00  INFO 2640 --- [SysVentas] [JavaFX-Launcher] com.zaxxer.hikari.HikariDataSource       : HikariPool-1 - Start completed.
2025-10-23T08:43:43.706-05:00  INFO 2640 --- [SysVentas] [JavaFX-Launcher] org.hibernate.orm.connections.pooling    : HHH10001005: Database info:
	Database JDBC URL [Connecting through datasource 'HikariDataSource (HikariPool-1)']
	Database driver: undefined/unknown
	Database version: 3.46
	Autocommit mode: undefined/unknown
	Isolation level: undefined/unknown
	Minimum pool size: undefined/unknown
	Maximum pool size: undefined/unknown
2025-10-23T08:43:45.031-05:00  INFO 2640 --- [SysVentas] [JavaFX-Launcher] o.h.e.t.j.p.i.JtaPlatformInitiator       : HHH000489: No JTA platform available (set 'hibernate.transaction.jta.platform' to enable JTA platform integration)
2025-10-23T08:43:45.070-05:00  INFO 2640 --- [SysVentas] [JavaFX-Launcher] j.LocalContainerEntityManagerFactoryBean : Initialized JPA EntityManagerFactory for persistence unit 'default'
2025-10-23T08:43:45.557-05:00  INFO 2640 --- [SysVentas] [JavaFX-Launcher] o.s.d.j.r.query.QueryEnhancerFactory     : Hibernate is in classpath; If applicable, HQL parser will be used.
2025-10-23T08:43:47.208-05:00  INFO 2640 --- [SysVentas] [JavaFX-Launcher] o.s.boot.SpringApplication               : Started application in 6.263 seconds (process running for 7.296)
2025-10-23T08:46:12.242-05:00  INFO 2640 --- [SysVentas] [SpringApplicationShutdownHook] j.LocalContainerEntityManagerFactoryBean : Closing JPA EntityManagerFactory for persistence unit 'default'
2025-10-23T08:46:12.245-05:00  INFO 2640 --- [SysVentas] [SpringApplicationShutdownHook] com.zaxxer.hikari.HikariDataSource       : HikariPool-1 - Shutdown initiated...
2025-10-23T08:46:12.249-05:00  INFO 2640 --- [SysVentas] [SpringApplicationShutdownHook] com.zaxxer.hikari.HikariDataSource       : HikariPool-1 - Shutdown completed.
2025-10-23T08:46:17.547-05:00  INFO 14588 --- [SysVentas] [JavaFX-Launcher] o.s.boot.SpringApplication               : Starting application using Java 17 with PID 14588 (started by SOFTWARE in C:\Users\Lab_Software\Desktop\POO\UNIDAD 2\SysVentas)
2025-10-23T08:46:17.550-05:00  INFO 14588 --- [SysVentas] [JavaFX-Launcher] o.s.boot.SpringApplication               : No active profile set, falling back to 1 default profile: "default"
2025-10-23T08:46:18.386-05:00  INFO 14588 --- [SysVentas] [JavaFX-Launcher] .s.d.r.c.RepositoryConfigurationDelegate : Bootstrapping Spring Data JPA repositories in DEFAULT mode.
2025-10-23T08:46:18.516-05:00  INFO 14588 --- [SysVentas] [JavaFX-Launcher] .s.d.r.c.RepositoryConfigurationDelegate : Finished Spring Data repository scanning in 120 ms. Found 15 JPA repository interfaces.
2025-10-23T08:46:19.053-05:00  INFO 14588 --- [SysVentas] [JavaFX-Launcher] o.hibernate.jpa.internal.util.LogHelper  : HHH000204: Processing PersistenceUnitInfo [name: default]
2025-10-23T08:46:19.110-05:00  INFO 14588 --- [SysVentas] [JavaFX-Launcher] org.hibernate.Version                    : HHH000412: Hibernate ORM core version 6.6.29.Final
2025-10-23T08:46:19.146-05:00  INFO 14588 --- [SysVentas] [JavaFX-Launcher] o.h.c.internal.RegionFactoryInitiator    : HHH000026: Second-level cache disabled
2025-10-23T08:46:19.456-05:00  INFO 14588 --- [SysVentas] [JavaFX-Launcher] o.s.o.j.p.SpringPersistenceUnitInfo      : No LoadTimeWeaver setup: ignoring JPA class transformer
2025-10-23T08:46:19.547-05:00  INFO 14588 --- [SysVentas] [JavaFX-Launcher] com.zaxxer.hikari.HikariDataSource       : HikariPool-1 - Starting...
2025-10-23T08:46:19.737-05:00  INFO 14588 --- [SysVentas] [JavaFX-Launcher] com.zaxxer.hikari.pool.HikariPool        : HikariPool-1 - Added connection org.sqlite.jdbc4.JDBC4Connection@67c90ec8
2025-10-23T08:46:19.740-05:00  INFO 14588 --- [SysVentas] [JavaFX-Launcher] com.zaxxer.hikari.HikariDataSource       : HikariPool-1 - Start completed.
2025-10-23T08:46:19.814-05:00  INFO 14588 --- [SysVentas] [JavaFX-Launcher] org.hibernate.orm.connections.pooling    : HHH10001005: Database info:
	Database JDBC URL [Connecting through datasource 'HikariDataSource (HikariPool-1)']
	Database driver: undefined/unknown
	Database version: 3.46
	Autocommit mode: undefined/unknown
	Isolation level: undefined/unknown
	Minimum pool size: undefined/unknown
	Maximum pool size: undefined/unknown
2025-10-23T08:46:21.369-05:00  INFO 14588 --- [SysVentas] [JavaFX-Launcher] o.h.e.t.j.p.i.JtaPlatformInitiator       : HHH000489: No JTA platform available (set 'hibernate.transaction.jta.platform' to enable JTA platform integration)
2025-10-23T08:46:21.410-05:00  INFO 14588 --- [SysVentas] [JavaFX-Launcher] j.LocalContainerEntityManagerFactoryBean : Initialized JPA EntityManagerFactory for persistence unit 'default'
2025-10-23T08:46:21.861-05:00  INFO 14588 --- [SysVentas] [JavaFX-Launcher] o.s.d.j.r.query.QueryEnhancerFactory     : Hibernate is in classpath; If applicable, HQL parser will be used.
2025-10-23T08:46:23.707-05:00  INFO 14588 --- [SysVentas] [JavaFX-Launcher] o.s.boot.SpringApplication               : Started application in 6.822 seconds (process running for 7.8)
2025-10-23T08:55:23.561-05:00  INFO 14588 --- [SysVentas] [SpringApplicationShutdownHook] j.LocalContainerEntityManagerFactoryBean : Closing JPA EntityManagerFactory for persistence unit 'default'
2025-10-23T08:55:23.564-05:00  INFO 14588 --- [SysVentas] [SpringApplicationShutdownHook] com.zaxxer.hikari.HikariDataSource       : HikariPool-1 - Shutdown initiated...
2025-10-23T08:55:23.571-05:00  INFO 14588 --- [SysVentas] [SpringApplicationShutdownHook] com.zaxxer.hikari.HikariDataSource       : HikariPool-1 - Shutdown completed.
2025-10-23T08:55:28.702-05:00  INFO 12076 --- [SysVentas] [JavaFX-Launcher] o.s.boot.SpringApplication               : Starting application using Java 17 with PID 12076 (started by SOFTWARE in C:\Users\Lab_Software\Desktop\POO\UNIDAD 2\SysVentas)
2025-10-23T08:55:28.707-05:00  INFO 12076 --- [SysVentas] [JavaFX-Launcher] o.s.boot.SpringApplication               : No active profile set, falling back to 1 default profile: "default"
2025-10-23T08:55:29.524-05:00  INFO 12076 --- [SysVentas] [JavaFX-Launcher] .s.d.r.c.RepositoryConfigurationDelegate : Bootstrapping Spring Data JPA repositories in DEFAULT mode.
2025-10-23T08:55:29.629-05:00  INFO 12076 --- [SysVentas] [JavaFX-Launcher] .s.d.r.c.RepositoryConfigurationDelegate : Finished Spring Data repository scanning in 97 ms. Found 15 JPA repository interfaces.
2025-10-23T08:55:30.159-05:00  INFO 12076 --- [SysVentas] [JavaFX-Launcher] o.hibernate.jpa.internal.util.LogHelper  : HHH000204: Processing PersistenceUnitInfo [name: default]
2025-10-23T08:55:30.209-05:00  INFO 12076 --- [SysVentas] [JavaFX-Launcher] org.hibernate.Version                    : HHH000412: Hibernate ORM core version 6.6.29.Final
2025-10-23T08:55:30.234-05:00  INFO 12076 --- [SysVentas] [JavaFX-Launcher] o.h.c.internal.RegionFactoryInitiator    : HHH000026: Second-level cache disabled
2025-10-23T08:55:30.520-05:00  INFO 12076 --- [SysVentas] [JavaFX-Launcher] o.s.o.j.p.SpringPersistenceUnitInfo      : No LoadTimeWeaver setup: ignoring JPA class transformer
2025-10-23T08:55:30.565-05:00  INFO 12076 --- [SysVentas] [JavaFX-Launcher] com.zaxxer.hikari.HikariDataSource       : HikariPool-1 - Starting...
2025-10-23T08:55:30.669-05:00  INFO 12076 --- [SysVentas] [JavaFX-Launcher] com.zaxxer.hikari.pool.HikariPool        : HikariPool-1 - Added connection org.sqlite.jdbc4.JDBC4Connection@3f4c2fff
2025-10-23T08:55:30.670-05:00  INFO 12076 --- [SysVentas] [JavaFX-Launcher] com.zaxxer.hikari.HikariDataSource       : HikariPool-1 - Start completed.
2025-10-23T08:55:30.706-05:00  INFO 12076 --- [SysVentas] [JavaFX-Launcher] org.hibernate.orm.connections.pooling    : HHH10001005: Database info:
	Database JDBC URL [Connecting through datasource 'HikariDataSource (HikariPool-1)']
	Database driver: undefined/unknown
	Database version: 3.46
	Autocommit mode: undefined/unknown
	Isolation level: undefined/unknown
	Minimum pool size: undefined/unknown
	Maximum pool size: undefined/unknown
2025-10-23T08:55:32.002-05:00  INFO 12076 --- [SysVentas] [JavaFX-Launcher] o.h.e.t.j.p.i.JtaPlatformInitiator       : HHH000489: No JTA platform available (set 'hibernate.transaction.jta.platform' to enable JTA platform integration)
2025-10-23T08:55:32.040-05:00  INFO 12076 --- [SysVentas] [JavaFX-Launcher] j.LocalContainerEntityManagerFactoryBean : Initialized JPA EntityManagerFactory for persistence unit 'default'
2025-10-23T08:55:32.400-05:00  INFO 12076 --- [SysVentas] [JavaFX-Launcher] o.s.d.j.r.query.QueryEnhancerFactory     : Hibernate is in classpath; If applicable, HQL parser will be used.
2025-10-23T08:55:33.927-05:00  INFO 12076 --- [SysVentas] [JavaFX-Launcher] o.s.boot.SpringApplication               : Started application in 5.797 seconds (process running for 6.594)
2025-10-23T08:55:56.297-05:00  INFO 12076 --- [SysVentas] [SpringApplicationShutdownHook] j.LocalContainerEntityManagerFactoryBean : Closing JPA EntityManagerFactory for persistence unit 'default'
2025-10-23T08:55:56.300-05:00  INFO 12076 --- [SysVentas] [SpringApplicationShutdownHook] com.zaxxer.hikari.HikariDataSource       : HikariPool-1 - Shutdown initiated...
2025-10-23T08:55:56.307-05:00  INFO 12076 --- [SysVentas] [SpringApplicationShutdownHook] com.zaxxer.hikari.HikariDataSource       : HikariPool-1 - Shutdown completed.
2025-10-23T08:56:00.965-05:00  INFO 5452 --- [SysVentas] [JavaFX-Launcher] o.s.boot.SpringApplication               : Starting application using Java 17 with PID 5452 (started by SOFTWARE in C:\Users\Lab_Software\Desktop\POO\UNIDAD 2\SysVentas)
2025-10-23T08:56:00.969-05:00  INFO 5452 --- [SysVentas] [JavaFX-Launcher] o.s.boot.SpringApplication               : No active profile set, falling back to 1 default profile: "default"
2025-10-23T08:56:01.730-05:00  INFO 5452 --- [SysVentas] [JavaFX-Launcher] .s.d.r.c.RepositoryConfigurationDelegate : Bootstrapping Spring Data JPA repositories in DEFAULT mode.
2025-10-23T08:56:01.837-05:00  INFO 5452 --- [SysVentas] [JavaFX-Launcher] .s.d.r.c.RepositoryConfigurationDelegate : Finished Spring Data repository scanning in 97 ms. Found 15 JPA repository interfaces.
2025-10-23T08:56:02.324-05:00  INFO 5452 --- [SysVentas] [JavaFX-Launcher] o.hibernate.jpa.internal.util.LogHelper  : HHH000204: Processing PersistenceUnitInfo [name: default]
2025-10-23T08:56:02.385-05:00  INFO 5452 --- [SysVentas] [JavaFX-Launcher] org.hibernate.Version                    : HHH000412: Hibernate ORM core version 6.6.29.Final
2025-10-23T08:56:02.422-05:00  INFO 5452 --- [SysVentas] [JavaFX-Launcher] o.h.c.internal.RegionFactoryInitiator    : HHH000026: Second-level cache disabled
2025-10-23T08:56:02.707-05:00  INFO 5452 --- [SysVentas] [JavaFX-Launcher] o.s.o.j.p.SpringPersistenceUnitInfo      : No LoadTimeWeaver setup: ignoring JPA class transformer
2025-10-23T08:56:02.775-05:00  INFO 5452 --- [SysVentas] [JavaFX-Launcher] com.zaxxer.hikari.HikariDataSource       : HikariPool-1 - Starting...
2025-10-23T08:56:02.883-05:00  INFO 5452 --- [SysVentas] [JavaFX-Launcher] com.zaxxer.hikari.pool.HikariPool        : HikariPool-1 - Added connection org.sqlite.jdbc4.JDBC4Connection@730fa61c
2025-10-23T08:56:02.886-05:00  INFO 5452 --- [SysVentas] [JavaFX-Launcher] com.zaxxer.hikari.HikariDataSource       : HikariPool-1 - Start completed.
2025-10-23T08:56:02.941-05:00  INFO 5452 --- [SysVentas] [JavaFX-Launcher] org.hibernate.orm.connections.pooling    : HHH10001005: Database info:
	Database JDBC URL [Connecting through datasource 'HikariDataSource (HikariPool-1)']
	Database driver: undefined/unknown
	Database version: 3.46
	Autocommit mode: undefined/unknown
	Isolation level: undefined/unknown
	Minimum pool size: undefined/unknown
	Maximum pool size: undefined/unknown
2025-10-23T08:56:04.247-05:00  INFO 5452 --- [SysVentas] [JavaFX-Launcher] o.h.e.t.j.p.i.JtaPlatformInitiator       : HHH000489: No JTA platform available (set 'hibernate.transaction.jta.platform' to enable JTA platform integration)
2025-10-23T08:56:04.282-05:00  INFO 5452 --- [SysVentas] [JavaFX-Launcher] j.LocalContainerEntityManagerFactoryBean : Initialized JPA EntityManagerFactory for persistence unit 'default'
2025-10-23T08:56:04.622-05:00  INFO 5452 --- [SysVentas] [JavaFX-Launcher] o.s.d.j.r.query.QueryEnhancerFactory     : Hibernate is in classpath; If applicable, HQL parser will be used.
2025-10-23T08:56:05.964-05:00  INFO 5452 --- [SysVentas] [JavaFX-Launcher] o.s.boot.SpringApplication               : Started application in 5.572 seconds (process running for 6.369)
2025-10-23T08:56:13.205-05:00  INFO 5452 --- [SysVentas] [SpringApplicationShutdownHook] j.LocalContainerEntityManagerFactoryBean : Closing JPA EntityManagerFactory for persistence unit 'default'
2025-10-23T08:56:13.213-05:00  INFO 5452 --- [SysVentas] [SpringApplicationShutdownHook] com.zaxxer.hikari.HikariDataSource       : HikariPool-1 - Shutdown initiated...
2025-10-23T08:56:13.221-05:00  INFO 5452 --- [SysVentas] [SpringApplicationShutdownHook] com.zaxxer.hikari.HikariDataSource       : HikariPool-1 - Shutdown completed.
2025-10-23T08:58:22.141-05:00  INFO 7476 --- [SysVentas] [JavaFX-Launcher] o.s.boot.SpringApplication               : Starting application using Java 17 with PID 7476 (started by SOFTWARE in C:\Users\Lab_Software\Desktop\POO\UNIDAD 2\SysVentas)
2025-10-23T08:58:22.144-05:00  INFO 7476 --- [SysVentas] [JavaFX-Launcher] o.s.boot.SpringApplication               : No active profile set, falling back to 1 default profile: "default"
2025-10-23T08:58:22.928-05:00  INFO 7476 --- [SysVentas] [JavaFX-Launcher] .s.d.r.c.RepositoryConfigurationDelegate : Bootstrapping Spring Data JPA repositories in DEFAULT mode.
2025-10-23T08:58:23.036-05:00  INFO 7476 --- [SysVentas] [JavaFX-Launcher] .s.d.r.c.RepositoryConfigurationDelegate : Finished Spring Data repository scanning in 100 ms. Found 15 JPA repository interfaces.
2025-10-23T08:58:23.521-05:00  INFO 7476 --- [SysVentas] [JavaFX-Launcher] o.hibernate.jpa.internal.util.LogHelper  : HHH000204: Processing PersistenceUnitInfo [name: default]
2025-10-23T08:58:23.567-05:00  INFO 7476 --- [SysVentas] [JavaFX-Launcher] org.hibernate.Version                    : HHH000412: Hibernate ORM core version 6.6.29.Final
2025-10-23T08:58:23.596-05:00  INFO 7476 --- [SysVentas] [JavaFX-Launcher] o.h.c.internal.RegionFactoryInitiator    : HHH000026: Second-level cache disabled
2025-10-23T08:58:23.892-05:00  INFO 7476 --- [SysVentas] [JavaFX-Launcher] o.s.o.j.p.SpringPersistenceUnitInfo      : No LoadTimeWeaver setup: ignoring JPA class transformer
2025-10-23T08:58:23.952-05:00  INFO 7476 --- [SysVentas] [JavaFX-Launcher] com.zaxxer.hikari.HikariDataSource       : HikariPool-1 - Starting...
2025-10-23T08:58:24.070-05:00  INFO 7476 --- [SysVentas] [JavaFX-Launcher] com.zaxxer.hikari.pool.HikariPool        : HikariPool-1 - Added connection org.sqlite.jdbc4.JDBC4Connection@473fcdb0
2025-10-23T08:58:24.072-05:00  INFO 7476 --- [SysVentas] [JavaFX-Launcher] com.zaxxer.hikari.HikariDataSource       : HikariPool-1 - Start completed.
2025-10-23T08:58:24.134-05:00  INFO 7476 --- [SysVentas] [JavaFX-Launcher] org.hibernate.orm.connections.pooling    : HHH10001005: Database info:
	Database JDBC URL [Connecting through datasource 'HikariDataSource (HikariPool-1)']
	Database driver: undefined/unknown
	Database version: 3.46
	Autocommit mode: undefined/unknown
	Isolation level: undefined/unknown
	Minimum pool size: undefined/unknown
	Maximum pool size: undefined/unknown
2025-10-23T08:58:25.437-05:00  INFO 7476 --- [SysVentas] [JavaFX-Launcher] o.h.e.t.j.p.i.JtaPlatformInitiator       : HHH000489: No JTA platform available (set 'hibernate.transaction.jta.platform' to enable JTA platform integration)
2025-10-23T08:58:25.474-05:00  INFO 7476 --- [SysVentas] [JavaFX-Launcher] j.LocalContainerEntityManagerFactoryBean : Initialized JPA EntityManagerFactory for persistence unit 'default'
2025-10-23T08:58:25.868-05:00  INFO 7476 --- [SysVentas] [JavaFX-Launcher] o.s.d.j.r.query.QueryEnhancerFactory     : Hibernate is in classpath; If applicable, HQL parser will be used.
2025-10-23T08:58:27.268-05:00  INFO 7476 --- [SysVentas] [JavaFX-Launcher] o.s.boot.SpringApplication               : Started application in 5.74 seconds (process running for 6.875)
2025-10-23T08:58:49.638-05:00  INFO 7476 --- [SysVentas] [SpringApplicationShutdownHook] j.LocalContainerEntityManagerFactoryBean : Closing JPA EntityManagerFactory for persistence unit 'default'
2025-10-23T08:58:49.641-05:00  INFO 7476 --- [SysVentas] [SpringApplicationShutdownHook] com.zaxxer.hikari.HikariDataSource       : HikariPool-1 - Shutdown initiated...
2025-10-23T08:58:49.647-05:00  INFO 7476 --- [SysVentas] [SpringApplicationShutdownHook] com.zaxxer.hikari.HikariDataSource       : HikariPool-1 - Shutdown completed.
2025-10-23T08:59:09.011-05:00  INFO 14156 --- [SysVentas] [JavaFX-Launcher] o.s.boot.SpringApplication               : Starting application using Java 17 with PID 14156 (started by SOFTWARE in C:\Users\Lab_Software\Desktop\POO\UNIDAD 2\SysVentas)
2025-10-23T08:59:09.014-05:00  INFO 14156 --- [SysVentas] [JavaFX-Launcher] o.s.boot.SpringApplication               : No active profile set, falling back to 1 default profile: "default"
2025-10-23T08:59:09.828-05:00  INFO 14156 --- [SysVentas] [JavaFX-Launcher] .s.d.r.c.RepositoryConfigurationDelegate : Bootstrapping Spring Data JPA repositories in DEFAULT mode.
2025-10-23T08:59:09.934-05:00  INFO 14156 --- [SysVentas] [JavaFX-Launcher] .s.d.r.c.RepositoryConfigurationDelegate : Finished Spring Data repository scanning in 99 ms. Found 15 JPA repository interfaces.
2025-10-23T08:59:10.413-05:00  INFO 14156 --- [SysVentas] [JavaFX-Launcher] o.hibernate.jpa.internal.util.LogHelper  : HHH000204: Processing PersistenceUnitInfo [name: default]
2025-10-23T08:59:10.460-05:00  INFO 14156 --- [SysVentas] [JavaFX-Launcher] org.hibernate.Version                    : HHH000412: Hibernate ORM core version 6.6.29.Final
2025-10-23T08:59:10.490-05:00  INFO 14156 --- [SysVentas] [JavaFX-Launcher] o.h.c.internal.RegionFactoryInitiator    : HHH000026: Second-level cache disabled
2025-10-23T08:59:10.769-05:00  INFO 14156 --- [SysVentas] [JavaFX-Launcher] o.s.o.j.p.SpringPersistenceUnitInfo      : No LoadTimeWeaver setup: ignoring JPA class transformer
2025-10-23T08:59:10.837-05:00  INFO 14156 --- [SysVentas] [JavaFX-Launcher] com.zaxxer.hikari.HikariDataSource       : HikariPool-1 - Starting...
2025-10-23T08:59:10.943-05:00  INFO 14156 --- [SysVentas] [JavaFX-Launcher] com.zaxxer.hikari.pool.HikariPool        : HikariPool-1 - Added connection org.sqlite.jdbc4.JDBC4Connection@525dc878
2025-10-23T08:59:10.947-05:00  INFO 14156 --- [SysVentas] [JavaFX-Launcher] com.zaxxer.hikari.HikariDataSource       : HikariPool-1 - Start completed.
2025-10-23T08:59:10.982-05:00  INFO 14156 --- [SysVentas] [JavaFX-Launcher] org.hibernate.orm.connections.pooling    : HHH10001005: Database info:
	Database JDBC URL [Connecting through datasource 'HikariDataSource (HikariPool-1)']
	Database driver: undefined/unknown
	Database version: 3.46
	Autocommit mode: undefined/unknown
	Isolation level: undefined/unknown
	Minimum pool size: undefined/unknown
	Maximum pool size: undefined/unknown
2025-10-23T08:59:12.305-05:00  INFO 14156 --- [SysVentas] [JavaFX-Launcher] o.h.e.t.j.p.i.JtaPlatformInitiator       : HHH000489: No JTA platform available (set 'hibernate.transaction.jta.platform' to enable JTA platform integration)
2025-10-23T08:59:12.339-05:00  INFO 14156 --- [SysVentas] [JavaFX-Launcher] j.LocalContainerEntityManagerFactoryBean : Initialized JPA EntityManagerFactory for persistence unit 'default'
2025-10-23T08:59:12.780-05:00  INFO 14156 --- [SysVentas] [JavaFX-Launcher] o.s.d.j.r.query.QueryEnhancerFactory     : Hibernate is in classpath; If applicable, HQL parser will be used.
2025-10-23T08:59:14.175-05:00  INFO 14156 --- [SysVentas] [JavaFX-Launcher] o.s.boot.SpringApplication               : Started application in 5.749 seconds (process running for 6.619)
2025-10-23T08:59:58.964-05:00  INFO 14156 --- [SysVentas] [SpringApplicationShutdownHook] j.LocalContainerEntityManagerFactoryBean : Closing JPA EntityManagerFactory for persistence unit 'default'
2025-10-23T08:59:58.967-05:00  INFO 14156 --- [SysVentas] [SpringApplicationShutdownHook] com.zaxxer.hikari.HikariDataSource       : HikariPool-1 - Shutdown initiated...
2025-10-23T08:59:58.969-05:00  INFO 14156 --- [SysVentas] [SpringApplicationShutdownHook] com.zaxxer.hikari.HikariDataSource       : HikariPool-1 - Shutdown completed.
